2019-04-02 15:43:06 [main] INFO  Setup:71 - Driver is initialized!
2019-04-02 15:43:06 [main] INFO  Setup:73 - URL opened: about:blank
2019-04-02 15:43:08 [main] INFO  Setup:19 - Opening Page: Facebook - Log In or Sign Up
2019-04-02 15:43:08 [main] INFO  Setup:33 - Expecting: [See photos and updates] BUT Actual: See photos and updates
2019-04-02 15:43:08 [main] INFO  Setup:80 - WebDriver Successfully Quit!
2019-04-02 15:43:10 [main] INFO  Setup:71 - Driver is initialized!
2019-04-02 15:43:10 [main] INFO  Setup:73 - URL opened: about:blank
2019-04-02 15:43:13 [main] INFO  Setup:16 - Opening Page: Login - Super League Gaming
2019-04-02 15:43:13 [main] INFO  Setup:20 - Email textbox is clicked
2019-04-02 15:43:14 [main] INFO  Setup:23 - email: failedtest@gmail.com is sent
2019-04-02 15:43:14 [main] INFO  Setup:26 - Login Button is displayed
2019-04-02 15:43:14 [main] INFO  Setup:29 - password: 12345678 is sent
2019-04-02 15:43:16 [main] INFO  Setup:32 - Submit Button is clicked
2019-04-02 15:43:17 [main] INFO  Setup:16 - Opening Page: Login - Super League Gaming
2019-04-02 15:43:17 [main] INFO  Setup:20 - Email textbox is clicked
2019-04-02 15:43:18 [main] INFO  Setup:23 - email: buffboyali@gmail.com is sent
2019-04-02 15:43:18 [main] INFO  Setup:26 - Login Button is displayed
2019-04-02 15:43:18 [main] INFO  Setup:29 - password: messenger is sent
2019-04-02 15:43:25 [main] INFO  Setup:32 - Submit Button is clicked
2019-04-02 15:43:25 [main] INFO  Setup:80 - WebDriver Successfully Quit!
2019-04-02 16:23:23 [main] INFO  Setup:71 - Driver is initialized!
2019-04-02 16:23:23 [main] INFO  Setup:73 - URL opened: about:blank
2019-04-02 16:23:25 [main] INFO  Setup:19 - Opening Page: Facebook - Log In or Sign Up
2019-04-02 16:23:25 [main] INFO  Setup:33 - Expecting: [See photos and updates] BUT Actual: See photos and updates
2019-04-02 16:23:26 [main] INFO  Setup:80 - WebDriver Successfully Quit!
2019-04-02 16:23:27 [main] INFO  Setup:71 - Driver is initialized!
2019-04-02 16:23:27 [main] INFO  Setup:73 - URL opened: about:blank
2019-04-02 16:23:30 [main] INFO  Setup:16 - Opening Page: Login - Super League Gaming
2019-04-02 16:23:31 [main] INFO  Setup:20 - Email textbox is clicked
2019-04-02 16:23:31 [main] INFO  Setup:23 - email: failedtest@gmail.com is sent
2019-04-02 16:23:31 [main] INFO  Setup:26 - Login Button is displayed
2019-04-02 16:23:31 [main] INFO  Setup:29 - password: 12345678 is sent
2019-04-02 16:23:33 [main] INFO  Setup:32 - Submit Button is clicked
2019-04-02 16:23:35 [main] INFO  Setup:16 - Opening Page: Login - Super League Gaming
2019-04-02 16:23:35 [main] INFO  Setup:20 - Email textbox is clicked
2019-04-02 16:23:36 [main] INFO  Setup:23 - email: buffboyali@gmail.com is sent
2019-04-02 16:23:36 [main] INFO  Setup:26 - Login Button is displayed
2019-04-02 16:23:36 [main] INFO  Setup:29 - password: messenger is sent
2019-04-02 16:23:43 [main] INFO  Setup:32 - Submit Button is clicked
2019-04-02 16:23:43 [main] INFO  Setup:80 - WebDriver Successfully Quit!
2019-04-02 17:17:09 [main] INFO  Setup:71 - Driver is initialized!
2019-04-02 17:17:09 [main] INFO  Setup:73 - URL opened: about:blank
2019-04-02 17:17:11 [main] INFO  Setup:19 - Opening Page: Facebook - Log In or Sign Up
2019-04-02 17:17:11 [main] INFO  Setup:33 - Expecting: [See photos and updates] BUT Actual: See photos and updates
2019-04-02 17:17:12 [main] INFO  Setup:80 - WebDriver Successfully Quit!
2019-04-02 17:17:13 [main] INFO  Setup:71 - Driver is initialized!
2019-04-02 17:17:13 [main] INFO  Setup:73 - URL opened: about:blank
2019-04-02 17:17:16 [main] INFO  Setup:16 - Opening Page: Login - Super League Gaming
2019-04-02 17:17:17 [main] INFO  Setup:20 - Email textbox is clicked
2019-04-02 17:17:17 [main] INFO  Setup:23 - email: failedtest@gmail.com is sent
2019-04-02 17:17:17 [main] INFO  Setup:26 - Login Button is displayed
2019-04-02 17:17:17 [main] INFO  Setup:29 - password: 12345678 is sent
2019-04-02 17:17:19 [main] INFO  Setup:32 - Submit Button is clicked
2019-04-02 17:17:21 [main] INFO  Setup:16 - Opening Page: Login - Super League Gaming
2019-04-02 17:17:21 [main] INFO  Setup:20 - Email textbox is clicked
2019-04-02 17:17:22 [main] INFO  Setup:23 - email: buffboyali@gmail.com is sent
2019-04-02 17:17:22 [main] INFO  Setup:26 - Login Button is displayed
2019-04-02 17:17:22 [main] INFO  Setup:29 - password: messenger is sent
2019-04-02 17:17:28 [main] INFO  Setup:32 - Submit Button is clicked
2019-04-02 17:17:28 [main] INFO  Setup:80 - WebDriver Successfully Quit!
2019-04-02 17:22:04 [main] INFO  Setup:71 - Driver is initialized!
2019-04-02 17:22:04 [main] INFO  Setup:73 - URL opened: about:blank
2019-04-02 17:22:06 [main] INFO  Setup:19 - Opening Page: Facebook - Log In or Sign Up
2019-04-02 17:22:06 [main] INFO  Setup:33 - Expecting: [See photos and updates] BUT Actual: See photos and updates
2019-04-02 17:22:07 [main] INFO  Setup:80 - WebDriver Successfully Quit!
2019-04-02 17:22:08 [main] INFO  Setup:71 - Driver is initialized!
2019-04-02 17:22:08 [main] INFO  Setup:73 - URL opened: about:blank
2019-04-02 17:22:11 [main] INFO  Setup:16 - Opening Page: Login - Super League Gaming
2019-04-02 17:22:12 [main] INFO  Setup:20 - Email textbox is clicked
2019-04-02 17:22:12 [main] INFO  Setup:23 - email: failedtest@gmail.com is sent
2019-04-02 17:22:12 [main] INFO  Setup:26 - Login Button is displayed
2019-04-02 17:22:12 [main] INFO  Setup:29 - password: 12345678 is sent
2019-04-02 17:22:14 [main] INFO  Setup:32 - Submit Button is clicked
2019-04-02 17:22:16 [main] INFO  Setup:16 - Opening Page: Login - Super League Gaming
2019-04-02 17:22:16 [main] INFO  Setup:20 - Email textbox is clicked
2019-04-02 17:22:16 [main] INFO  Setup:23 - email: buffboyali@gmail.com is sent
2019-04-02 17:22:16 [main] INFO  Setup:26 - Login Button is displayed
2019-04-02 17:22:16 [main] INFO  Setup:29 - password: messenger is sent
2019-04-02 17:22:23 [main] INFO  Setup:32 - Submit Button is clicked
2019-04-02 17:22:23 [main] INFO  Setup:80 - WebDriver Successfully Quit!
2019-04-02 17:25:00 [main] INFO  Setup:71 - Driver is initialized!
2019-04-02 17:25:00 [main] INFO  Setup:73 - URL opened: about:blank
2019-04-02 17:25:02 [main] INFO  Setup:19 - Opening Page: Facebook - Log In or Sign Up
2019-04-02 17:25:36 [main] INFO  Setup:71 - Driver is initialized!
2019-04-02 17:25:36 [main] INFO  Setup:73 - URL opened: about:blank
2019-04-02 17:25:38 [main] INFO  Setup:19 - Opening Page: Facebook - Log In or Sign Up
2019-04-02 17:25:38 [main] INFO  Setup:33 - Expecting: [See photos and updates] BUT Actual: See photos and updates
2019-04-02 17:25:39 [main] INFO  Setup:80 - WebDriver Successfully Quit!
2019-04-02 17:25:40 [main] INFO  Setup:71 - Driver is initialized!
2019-04-02 17:25:40 [main] INFO  Setup:73 - URL opened: about:blank
2019-04-02 17:25:44 [main] INFO  Setup:16 - Opening Page: Login - Super League Gaming
2019-04-02 17:25:44 [main] INFO  Setup:20 - Email textbox is clicked
2019-04-02 17:25:44 [main] INFO  Setup:23 - email: failedtest@gmail.com is sent
2019-04-02 17:25:45 [main] INFO  Setup:26 - Login Button is displayed
2019-04-02 17:25:45 [main] INFO  Setup:29 - password: 12345678 is sent
2019-04-02 17:25:46 [main] INFO  Setup:32 - Submit Button is clicked
2019-04-02 17:25:48 [main] INFO  Setup:16 - Opening Page: Login - Super League Gaming
2019-04-02 17:25:48 [main] INFO  Setup:20 - Email textbox is clicked
2019-04-02 17:25:48 [main] INFO  Setup:23 - email: buffboyali@gmail.com is sent
2019-04-02 17:25:48 [main] INFO  Setup:26 - Login Button is displayed
2019-04-02 17:25:49 [main] INFO  Setup:29 - password: messenger is sent
2019-04-02 17:25:58 [main] INFO  Setup:32 - Submit Button is clicked
2019-04-02 17:25:58 [main] INFO  Setup:80 - WebDriver Successfully Quit!
2019-04-02 17:32:31 [main] INFO  Setup:71 - Driver is initialized!
2019-04-02 17:32:31 [main] INFO  Setup:73 - URL opened: about:blank
2019-04-02 17:32:33 [main] INFO  Setup:19 - Opening Page: Facebook - Log In or Sign Up
2019-04-02 17:32:43 [main] INFO  Setup:80 - WebDriver Successfully Quit!
2019-04-02 17:32:44 [main] INFO  Setup:71 - Driver is initialized!
2019-04-02 17:32:44 [main] INFO  Setup:73 - URL opened: about:blank
2019-04-02 17:32:47 [main] INFO  Setup:16 - Opening Page: Login - Super League Gaming
2019-04-02 17:32:48 [main] INFO  Setup:20 - Email textbox is clicked
2019-04-02 17:32:48 [main] INFO  Setup:23 - email: failedtest@gmail.com is sent
2019-04-02 17:32:48 [main] INFO  Setup:26 - Login Button is displayed
2019-04-02 17:32:48 [main] INFO  Setup:29 - password: 12345678 is sent
2019-04-02 17:32:50 [main] INFO  Setup:32 - Submit Button is clicked
2019-04-02 17:32:51 [main] INFO  Setup:16 - Opening Page: Login - Super League Gaming
2019-04-02 17:32:52 [main] INFO  Setup:20 - Email textbox is clicked
2019-04-02 17:32:52 [main] INFO  Setup:23 - email: buffboyali@gmail.com is sent
2019-04-02 17:32:52 [main] INFO  Setup:26 - Login Button is displayed
2019-04-02 17:32:52 [main] INFO  Setup:29 - password: messenger is sent
2019-04-02 17:46:39 [main] INFO  Setup:71 - Driver is initialized!
2019-04-02 17:46:39 [main] INFO  Setup:73 - URL opened: about:blank
2019-04-02 17:46:41 [main] INFO  Setup:19 - Opening Page: Facebook - Log In or Sign Up
2019-04-02 17:46:41 [main] INFO  Setup:33 - Expecting: [See photos and updates] BUT Actual: See photos and updates
2019-04-02 17:46:42 [main] INFO  Setup:80 - WebDriver Successfully Quit!
2019-04-02 17:46:43 [main] INFO  Setup:71 - Driver is initialized!
2019-04-02 17:46:43 [main] INFO  Setup:73 - URL opened: about:blank
2019-04-02 17:46:46 [main] INFO  Setup:16 - Opening Page: Login - Super League Gaming
2019-04-02 17:46:47 [main] INFO  Setup:20 - Email textbox is clicked
2019-04-02 17:46:47 [main] INFO  Setup:23 - email: failedtest@gmail.com is sent
2019-04-02 17:46:47 [main] INFO  Setup:26 - Login Button is displayed
2019-04-02 17:46:48 [main] INFO  Setup:29 - password: 12345678 is sent
2019-04-02 17:46:50 [main] INFO  Setup:32 - Submit Button is clicked
2019-04-02 17:46:51 [main] INFO  Setup:16 - Opening Page: Login - Super League Gaming
2019-04-02 17:46:52 [main] INFO  Setup:20 - Email textbox is clicked
2019-04-02 17:46:52 [main] INFO  Setup:23 - email: buffboyali@gmail.com is sent
2019-04-02 17:46:52 [main] INFO  Setup:26 - Login Button is displayed
2019-04-02 17:46:52 [main] INFO  Setup:29 - password: messenger is sent
2019-04-02 17:46:59 [main] INFO  Setup:32 - Submit Button is clicked
2019-04-02 17:46:59 [main] INFO  Setup:80 - WebDriver Successfully Quit!
2019-04-02 17:48:40 [main] INFO  Setup:71 - Driver is initialized!
2019-04-02 17:48:40 [main] INFO  Setup:73 - URL opened: about:blank
2019-04-02 17:48:42 [main] INFO  Setup:19 - Opening Page: Facebook - Log In or Sign Up
2019-04-02 17:48:43 [main] INFO  Setup:37 - Logo Button clicked
2019-04-02 17:48:43 [main] INFO  Setup:43 - Expecting: [See photos and updates] BUT Actual: See photos and updates
2019-04-02 17:48:44 [main] INFO  Setup:80 - WebDriver Successfully Quit!
2019-04-02 17:48:45 [main] INFO  Setup:71 - Driver is initialized!
2019-04-02 17:48:45 [main] INFO  Setup:73 - URL opened: about:blank
2019-04-02 17:48:48 [main] INFO  Setup:16 - Opening Page: Login - Super League Gaming
2019-04-02 17:48:48 [main] INFO  Setup:20 - Email textbox is clicked
2019-04-02 17:48:49 [main] INFO  Setup:23 - email: failedtest@gmail.com is sent
2019-04-02 17:48:49 [main] INFO  Setup:26 - Login Button is displayed
2019-04-02 17:48:49 [main] INFO  Setup:29 - password: 12345678 is sent
2019-04-02 17:48:51 [main] INFO  Setup:32 - Submit Button is clicked
2019-04-02 17:48:54 [main] INFO  Setup:16 - Opening Page: Login - Super League Gaming
2019-04-02 17:48:54 [main] INFO  Setup:20 - Email textbox is clicked
2019-04-02 17:48:54 [main] INFO  Setup:23 - email: buffboyali@gmail.com is sent
2019-04-02 17:48:54 [main] INFO  Setup:26 - Login Button is displayed
2019-04-02 17:48:54 [main] INFO  Setup:29 - password: messenger is sent
2019-04-02 17:53:47 [main] INFO  Setup:71 - Driver is initialized!
2019-04-02 17:53:47 [main] INFO  Setup:73 - URL opened: about:blank
2019-04-02 17:53:49 [main] INFO  Setup:19 - Opening Page: Facebook - Log In or Sign Up
2019-04-02 17:53:50 [main] INFO  Setup:34 - Logo Button clicked
2019-04-02 17:53:50 [main] INFO  Setup:42 - Expecting: [See photos and updates] BUT Actual: See photos and updates
2019-04-02 17:53:51 [main] INFO  Setup:80 - WebDriver Successfully Quit!
2019-04-02 17:53:52 [main] INFO  Setup:71 - Driver is initialized!
2019-04-02 17:53:53 [main] INFO  Setup:73 - URL opened: about:blank
2019-04-02 17:53:56 [main] INFO  Setup:16 - Opening Page: Login - Super League Gaming
2019-04-02 17:53:56 [main] INFO  Setup:20 - Email textbox is clicked
2019-04-02 17:53:56 [main] INFO  Setup:23 - email: failedtest@gmail.com is sent
2019-04-02 17:53:57 [main] INFO  Setup:26 - Login Button is displayed
2019-04-02 17:53:57 [main] INFO  Setup:29 - password: 12345678 is sent
2019-04-02 17:55:48 [main] INFO  Setup:71 - Driver is initialized!
2019-04-02 17:55:48 [main] INFO  Setup:73 - URL opened: about:blank
2019-04-02 17:55:51 [main] INFO  Setup:19 - Opening Page: Facebook - Log In or Sign Up
2019-04-02 17:55:52 [main] INFO  Setup:34 - Logo Button clicked
2019-04-02 17:55:52 [main] ERROR Setup:42 - Expecting: [See photos and updates] BUT Actual: See photos and updates
2019-04-02 17:55:52 [main] INFO  Setup:80 - WebDriver Successfully Quit!
2019-04-02 17:55:54 [main] INFO  Setup:71 - Driver is initialized!
2019-04-02 17:55:54 [main] INFO  Setup:73 - URL opened: about:blank
2019-04-02 18:03:20 [main] INFO  Setup:71 - Driver is initialized!
2019-04-02 18:03:20 [main] INFO  Setup:73 - URL opened: about:blank
2019-04-02 18:03:22 [main] INFO  Setup:19 - Opening Page: Facebook - Log In or Sign Up
2019-04-02 18:03:22 [main] INFO  Setup:80 - WebDriver Successfully Quit!
2019-04-02 18:03:24 [main] INFO  Setup:71 - Driver is initialized!
2019-04-02 18:03:24 [main] INFO  Setup:73 - URL opened: about:blank
2019-04-02 18:03:27 [main] INFO  Setup:16 - Opening Page: Login - Super League Gaming
2019-04-02 18:03:28 [main] INFO  Setup:20 - Email textbox is clicked
2019-04-02 18:03:28 [main] INFO  Setup:23 - email: failedtest@gmail.com is sent
2019-04-02 18:03:28 [main] INFO  Setup:26 - Login Button is displayed
2019-04-02 18:03:28 [main] INFO  Setup:29 - password: 12345678 is sent
2019-04-02 19:12:22 [main] INFO  Setup:71 - Driver is initialized!
2019-04-02 19:12:22 [main] INFO  Setup:73 - URL opened: about:blank
2019-04-02 19:12:24 [main] INFO  Setup:19 - Opening Page: Facebook - Log In or Sign Up
2019-04-02 19:12:25 [main] INFO  Setup:34 - Logo Button clicked
2019-04-02 19:12:25 [main] INFO  Setup:42 - Expecting: [See photos and updates] BUT Actual: See photos and updates
2019-04-02 19:12:26 [main] INFO  Setup:80 - WebDriver Successfully Quit!
2019-04-02 19:12:27 [main] INFO  Setup:71 - Driver is initialized!
2019-04-02 19:12:27 [main] INFO  Setup:73 - URL opened: about:blank
2019-04-02 19:12:31 [main] INFO  Setup:16 - Opening Page: Login - Super League Gaming
2019-04-02 19:12:31 [main] INFO  Setup:20 - Email textbox is clicked
2019-04-02 19:12:31 [main] INFO  Setup:23 - email: failedtest@gmail.com is sent
2019-04-02 19:12:31 [main] INFO  Setup:26 - Login Button is displayed
2019-04-02 19:12:32 [main] INFO  Setup:29 - password: 12345678 is sent
2019-04-02 19:12:34 [main] INFO  Setup:32 - Submit Button is clicked
2019-04-02 19:12:35 [main] INFO  Setup:16 - Opening Page: Login - Super League Gaming
2019-04-02 19:12:35 [main] INFO  Setup:20 - Email textbox is clicked
2019-04-02 19:12:36 [main] INFO  Setup:23 - email: buffboyali@gmail.com is sent
2019-04-02 19:12:36 [main] INFO  Setup:26 - Login Button is displayed
2019-04-02 19:12:36 [main] INFO  Setup:29 - password: messenger is sent
2019-04-02 19:12:43 [main] INFO  Setup:32 - Submit Button is clicked
2019-04-02 19:12:43 [main] INFO  Setup:80 - WebDriver Successfully Quit!
2019-04-02 19:15:36 [main] INFO  Setup:71 - Driver is initialized!
2019-04-02 19:15:36 [main] INFO  Setup:73 - URL opened: about:blank
2019-04-02 19:15:39 [main] INFO  Setup:19 - Opening Page: Facebook - Log In or Sign Up
2019-04-02 19:15:40 [main] INFO  Setup:34 - Logo Button clicked
2019-04-02 19:15:40 [main] INFO  Setup:42 - Expecting: [See photos and updates] BUT Actual: See photos and updates
2019-04-02 19:15:41 [main] INFO  Setup:80 - WebDriver Successfully Quit!
2019-04-02 19:15:42 [main] INFO  Setup:71 - Driver is initialized!
2019-04-02 19:15:42 [main] INFO  Setup:73 - URL opened: about:blank
2019-04-02 19:15:45 [main] INFO  Setup:16 - Opening Page: Login - Super League Gaming
2019-04-02 19:15:46 [main] INFO  Setup:20 - Email textbox is clicked
2019-04-02 19:15:46 [main] INFO  Setup:23 - email: failedtest@gmail.com is sent
2019-04-02 19:15:46 [main] INFO  Setup:26 - Login Button is displayed
2019-04-02 19:15:46 [main] INFO  Setup:29 - password: 12345678 is sent
2019-04-02 19:15:48 [main] INFO  Setup:32 - Submit Button is clicked
2019-04-02 19:15:51 [main] INFO  Setup:16 - Opening Page: Login - Super League Gaming
2019-04-02 19:15:51 [main] INFO  Setup:20 - Email textbox is clicked
2019-04-02 19:15:51 [main] INFO  Setup:23 - email: buffboyali@gmail.com is sent
2019-04-02 19:15:51 [main] INFO  Setup:26 - Login Button is displayed
2019-04-02 19:15:51 [main] INFO  Setup:29 - password: messenger is sent
2019-04-02 19:15:58 [main] INFO  Setup:32 - Submit Button is clicked
2019-04-02 19:15:59 [main] INFO  Setup:80 - WebDriver Successfully Quit!
2019-04-02 19:21:10 [main] INFO  Setup:71 - Driver is initialized!
2019-04-02 19:21:10 [main] INFO  Setup:73 - URL opened: about:blank
2019-04-02 19:21:12 [main] INFO  Setup:19 - Opening Page: Facebook - Log In or Sign Up
2019-04-02 19:21:13 [main] INFO  Setup:34 - Logo Button clicked
2019-04-02 19:21:14 [main] INFO  Setup:42 - usernamed  inputted
2019-04-02 19:21:14 [main] INFO  Setup:47 - password inputted
2019-04-02 19:21:14 [main] INFO  Setup:54 - Expecting: [See photos and updates] BUT Actual: See photos and updates
2019-04-02 19:21:15 [main] INFO  Setup:80 - WebDriver Successfully Quit!
2019-04-02 19:21:16 [main] INFO  Setup:71 - Driver is initialized!
2019-04-02 19:21:16 [main] INFO  Setup:73 - URL opened: about:blank
2019-04-02 19:21:20 [main] INFO  Setup:16 - Opening Page: Login - Super League Gaming
2019-04-02 19:21:20 [main] INFO  Setup:20 - Email textbox is clicked
2019-04-02 19:21:21 [main] INFO  Setup:23 - email: failedtest@gmail.com is sent
2019-04-02 19:21:21 [main] INFO  Setup:26 - Login Button is displayed
2019-04-02 19:21:21 [main] INFO  Setup:29 - password: 12345678 is sent
2019-04-02 19:21:23 [main] INFO  Setup:32 - Submit Button is clicked
2019-04-02 19:21:25 [main] INFO  Setup:16 - Opening Page: Login - Super League Gaming
2019-04-02 19:21:25 [main] INFO  Setup:20 - Email textbox is clicked
2019-04-02 19:21:26 [main] INFO  Setup:23 - email: buffboyali@gmail.com is sent
2019-04-02 19:21:26 [main] INFO  Setup:26 - Login Button is displayed
2019-04-02 19:21:26 [main] INFO  Setup:29 - password: messenger is sent
2019-04-02 19:21:33 [main] INFO  Setup:32 - Submit Button is clicked
2019-04-02 19:21:33 [main] INFO  Setup:80 - WebDriver Successfully Quit!
2019-04-02 19:28:51 [main] INFO  Setup:71 - Driver is initialized!
2019-04-02 19:28:51 [main] INFO  Setup:73 - URL opened: about:blank
2019-04-02 19:28:53 [main] INFO  Setup:19 - Opening Page: Facebook - Log In or Sign Up
2019-04-02 19:28:53 [main] INFO  Setup:30 - Expecting: [See photos and updates] BUT Actual: See photos and updates
2019-04-02 19:28:53 [main] INFO  Setup:31 - Expecting: [Share what's new]  BUT Actual: See photos and updates
2019-04-02 19:28:53 [main] INFO  Setup:32 - Expecting: [Find more]  BUT Actual: Find more
2019-04-02 19:28:54 [main] INFO  Setup:38 - Logo Button clicked
2019-04-02 19:28:55 [main] INFO  Setup:46 - usernamed  inputted
2019-04-02 19:28:55 [main] INFO  Setup:51 - password inputted
2019-04-02 19:28:55 [main] INFO  Setup:58 - Expecting: [See photos and updates] BUT Actual: See photos and updates
2019-04-02 19:28:56 [main] INFO  Setup:80 - WebDriver Successfully Quit!
2019-04-02 19:28:57 [main] INFO  Setup:71 - Driver is initialized!
2019-04-02 19:28:57 [main] INFO  Setup:73 - URL opened: about:blank
2019-04-02 19:29:00 [main] INFO  Setup:16 - Opening Page: Login - Super League Gaming
2019-04-02 19:29:01 [main] INFO  Setup:20 - Email textbox is clicked
2019-04-02 19:29:01 [main] INFO  Setup:23 - email: failedtest@gmail.com is sent
2019-04-02 19:29:01 [main] INFO  Setup:26 - Login Button is displayed
2019-04-02 19:29:01 [main] INFO  Setup:29 - password: 12345678 is sent
2019-04-02 19:29:03 [main] INFO  Setup:32 - Submit Button is clicked
2019-04-02 19:29:05 [main] INFO  Setup:16 - Opening Page: Login - Super League Gaming
2019-04-02 19:29:05 [main] INFO  Setup:20 - Email textbox is clicked
2019-04-02 19:29:05 [main] INFO  Setup:23 - email: buffboyali@gmail.com is sent
2019-04-02 19:29:05 [main] INFO  Setup:26 - Login Button is displayed
2019-04-02 19:29:05 [main] INFO  Setup:29 - password: messenger is sent
2019-04-02 19:29:12 [main] INFO  Setup:32 - Submit Button is clicked
2019-04-02 19:29:12 [main] INFO  Setup:80 - WebDriver Successfully Quit!
2019-04-02 19:31:07 [main] INFO  Setup:71 - Driver is initialized!
2019-04-02 19:31:07 [main] INFO  Setup:73 - URL opened: about:blank
2019-04-02 19:31:09 [main] INFO  Setup:19 - Opening Page: Facebook - Log In or Sign Up
2019-04-02 19:31:09 [main] INFO  Setup:30 - Expecting: [See photos and updates] BUT Actual: See photos and updates
2019-04-02 19:31:09 [main] INFO  Setup:31 - Expecting: [Share what's new]  BUT Actual: See photos and updates
2019-04-02 19:31:09 [main] INFO  Setup:32 - Expecting: [Find more]  BUT Actual: Find more
2019-04-02 19:31:10 [main] INFO  Setup:38 - Logo Button clicked
2019-04-02 19:31:11 [main] INFO  Setup:46 - usernamed  inputted
2019-04-02 19:31:11 [main] INFO  Setup:51 - password inputted
2019-04-02 19:31:11 [main] INFO  Setup:58 - Expecting: [See photos and updates] BUT Actual: See photos and updates
2019-04-02 19:31:12 [main] INFO  Setup:80 - WebDriver Successfully Quit!
2019-04-02 19:31:13 [main] INFO  Setup:71 - Driver is initialized!
2019-04-02 19:31:13 [main] INFO  Setup:73 - URL opened: about:blank
2019-04-02 19:31:16 [main] INFO  Setup:16 - Opening Page: Login - Super League Gaming
2019-04-02 19:31:17 [main] INFO  Setup:20 - Email textbox is clicked
2019-04-02 19:31:17 [main] INFO  Setup:23 - email: failedtest@gmail.com is sent
2019-04-02 19:31:17 [main] INFO  Setup:26 - Login Button is displayed
2019-04-02 19:31:18 [main] INFO  Setup:29 - password: 12345678 is sent
2019-04-02 19:32:16 [main] INFO  Setup:71 - Driver is initialized!
2019-04-02 19:32:16 [main] INFO  Setup:73 - URL opened: about:blank
2019-04-02 19:32:18 [main] INFO  Setup:19 - Opening Page: Facebook - Log In or Sign Up
2019-04-02 19:32:18 [main] INFO  Setup:30 - Expecting: [See photos and updates] BUT Actual: See photos and updates
2019-04-02 19:32:18 [main] INFO  Setup:31 - Expecting: [Share what's new]  BUT Actual: See photos and updates
2019-04-02 19:32:18 [main] INFO  Setup:32 - Expecting: [Find more]  BUT Actual: Find more
2019-04-02 19:32:19 [main] INFO  Setup:38 - Logo Button clicked
2019-04-02 19:32:20 [main] INFO  Setup:46 - usernamed  inputted
2019-04-02 19:32:20 [main] INFO  Setup:51 - password inputted
2019-04-02 19:32:20 [main] INFO  Setup:56 - Expecting: [See photos and updates] BUT Actual: See photos and updates
2019-04-02 19:32:20 [main] INFO  Setup:80 - WebDriver Successfully Quit!
2019-04-02 19:32:22 [main] INFO  Setup:71 - Driver is initialized!
2019-04-02 19:32:22 [main] INFO  Setup:73 - URL opened: about:blank
2019-04-02 19:32:25 [main] INFO  Setup:16 - Opening Page: Login - Super League Gaming
2019-04-02 19:32:25 [main] INFO  Setup:20 - Email textbox is clicked
2019-04-02 19:32:26 [main] INFO  Setup:23 - email: failedtest@gmail.com is sent
2019-04-02 19:32:26 [main] INFO  Setup:26 - Login Button is displayed
2019-04-02 19:33:23 [main] INFO  Setup:71 - Driver is initialized!
2019-04-02 19:33:23 [main] INFO  Setup:73 - URL opened: about:blank
2019-04-02 19:33:25 [main] INFO  Setup:19 - Opening Page: Facebook - Log In or Sign Up
2019-04-02 19:33:25 [main] INFO  Setup:30 - Expecting: [See photos and updates] BUT Actual: See photos and updates
2019-04-02 19:33:25 [main] INFO  Setup:31 - Expecting: [Share what's new]  BUT Actual: See photos and updates
2019-04-02 19:33:25 [main] INFO  Setup:32 - Expecting: [Find more]  BUT Actual: Find more
2019-04-02 19:33:27 [main] INFO  Setup:38 - Logo Button clicked
2019-04-02 19:33:27 [main] INFO  Setup:46 - usernamed  inputted
2019-04-02 19:33:27 [main] INFO  Setup:51 - password inputted
2019-04-02 19:33:27 [main] INFO  Setup:56 - Expecting: [See photos and updates] BUT Actual: See photos and updates
2019-04-02 19:33:28 [main] INFO  Setup:80 - WebDriver Successfully Quit!
2019-04-02 19:33:29 [main] INFO  Setup:71 - Driver is initialized!
2019-04-02 19:33:29 [main] INFO  Setup:73 - URL opened: about:blank
2019-04-02 19:33:32 [main] INFO  Setup:16 - Opening Page: Login - Super League Gaming
2019-04-02 19:33:33 [main] INFO  Setup:20 - Email textbox is clicked
2019-04-02 19:33:33 [main] INFO  Setup:23 - email: failedtest@gmail.com is sent
2019-04-02 19:33:33 [main] INFO  Setup:26 - Login Button is displayed
2019-04-02 19:33:34 [main] INFO  Setup:29 - password: 12345678 is sent
2019-04-02 19:38:25 [main] INFO  Setup:71 - Driver is initialized!
2019-04-02 19:38:25 [main] INFO  Setup:73 - URL opened: about:blank
2019-04-02 19:38:27 [main] INFO  Setup:19 - Opening Page: Facebook - Log In or Sign Up
2019-04-02 19:38:28 [main] INFO  Setup:34 - Logo Button clicked
2019-04-02 19:38:29 [main] INFO  Setup:42 - usernamed  inputted
2019-04-02 19:38:29 [main] INFO  Setup:47 - password inputted
2019-04-02 19:38:35 [main] INFO  Setup:63 - Login Button clicked
2019-04-02 19:38:35 [main] INFO  Setup:80 - WebDriver Successfully Quit!
2019-04-02 19:38:36 [main] INFO  Setup:71 - Driver is initialized!
2019-04-02 19:38:36 [main] INFO  Setup:73 - URL opened: about:blank
2019-04-02 19:38:39 [main] INFO  Setup:16 - Opening Page: Login - Super League Gaming
2019-04-02 19:38:39 [main] INFO  Setup:20 - Email textbox is clicked
2019-04-02 19:38:40 [main] INFO  Setup:23 - email: failedtest@gmail.com is sent
2019-04-02 19:38:40 [main] INFO  Setup:26 - Login Button is displayed
2019-04-02 19:38:40 [main] INFO  Setup:29 - password: 12345678 is sent
2019-04-02 20:50:16 [main] INFO  Setup:71 - Driver is initialized!
2019-04-02 20:50:17 [main] INFO  Setup:73 - URL opened: about:blank
2019-04-02 20:50:19 [main] INFO  Setup:25 - Opening Page: Facebook - Log In or Sign Up
2019-04-02 20:50:20 [main] INFO  Setup:40 - Logo Button clicked
2019-04-02 20:50:21 [main] INFO  Setup:48 - usernamed  inputted
2019-04-02 20:50:21 [main] INFO  Setup:53 - password inputted
2019-04-02 20:50:22 [main] INFO  Setup:25 - Opening Page: Facebook - Log In or Sign Up
2019-04-02 20:50:23 [main] INFO  Setup:40 - Logo Button clicked
2019-04-02 20:50:24 [main] INFO  Setup:48 - usernamed  inputted
2019-04-02 20:50:24 [main] INFO  Setup:53 - password inputted
2019-04-02 20:50:26 [main] INFO  Setup:25 - Opening Page: Facebook - Log In or Sign Up
2019-04-02 20:50:27 [main] INFO  Setup:40 - Logo Button clicked
2019-04-02 20:50:27 [main] INFO  Setup:48 - usernamed  inputted
2019-04-02 20:50:28 [main] INFO  Setup:53 - password inputted
2019-04-02 20:50:28 [main] INFO  Setup:80 - WebDriver Successfully Quit!
2019-04-02 20:50:29 [main] INFO  Setup:71 - Driver is initialized!
2019-04-02 20:50:29 [main] INFO  Setup:73 - URL opened: about:blank
2019-04-02 20:50:33 [main] INFO  Setup:16 - Opening Page: Login - Super League Gaming
2019-04-02 20:50:33 [main] INFO  Setup:20 - Email textbox is clicked
2019-04-02 20:50:33 [main] INFO  Setup:23 - email: failedtest@gmail.com is sent
2019-04-02 20:50:34 [main] INFO  Setup:26 - Login Button is displayed
2019-04-02 20:50:34 [main] INFO  Setup:29 - password: 12345678 is sent
2019-04-02 20:50:36 [main] INFO  Setup:32 - Submit Button is clicked
2019-04-02 20:50:37 [main] INFO  Setup:16 - Opening Page: Login - Super League Gaming
2019-04-02 20:50:38 [main] INFO  Setup:20 - Email textbox is clicked
2019-04-02 20:50:38 [main] INFO  Setup:23 - email: buffboyali@gmail.com is sent
2019-04-02 20:50:38 [main] INFO  Setup:26 - Login Button is displayed
2019-04-02 20:50:38 [main] INFO  Setup:29 - password: messenger is sent
2019-04-02 20:50:44 [main] INFO  Setup:32 - Submit Button is clicked
2019-04-02 20:50:45 [main] INFO  Setup:80 - WebDriver Successfully Quit!
2019-04-02 20:54:37 [main] INFO  Setup:71 - Driver is initialized!
2019-04-02 20:54:37 [main] INFO  Setup:73 - URL opened: about:blank
2019-04-02 20:54:39 [main] INFO  Setup:25 - Opening Page: Facebook - Log In or Sign Up
2019-04-02 20:54:40 [main] INFO  Setup:40 - Logo Button clicked
2019-04-02 20:54:41 [main] INFO  Setup:48 - usernamed  inputted
2019-04-02 20:54:41 [main] INFO  Setup:53 - password inputted
2019-04-02 20:54:42 [main] INFO  Setup:25 - Opening Page: Facebook - Log In or Sign Up
2019-04-02 20:54:43 [main] INFO  Setup:40 - Logo Button clicked
2019-04-02 20:54:44 [main] INFO  Setup:48 - usernamed  inputted
2019-04-02 20:54:44 [main] INFO  Setup:53 - password inputted
2019-04-02 20:54:46 [main] INFO  Setup:25 - Opening Page: Facebook - Log In or Sign Up
2019-04-02 20:54:46 [main] INFO  Setup:40 - Logo Button clicked
2019-04-02 20:54:47 [main] INFO  Setup:48 - usernamed  inputted
2019-04-02 20:54:47 [main] INFO  Setup:53 - password inputted
2019-04-02 20:54:48 [main] INFO  Setup:80 - WebDriver Successfully Quit!
2019-04-02 20:54:49 [main] INFO  Setup:71 - Driver is initialized!
2019-04-02 20:54:49 [main] INFO  Setup:73 - URL opened: about:blank
2019-04-02 20:54:53 [main] INFO  Setup:16 - Opening Page: Login - Super League Gaming
2019-04-02 20:54:53 [main] INFO  Setup:20 - Email textbox is clicked
2019-04-02 20:54:54 [main] INFO  Setup:23 - email: failedtest@gmail.com is sent
2019-04-02 20:54:54 [main] INFO  Setup:26 - Login Button is displayed
2019-04-02 20:54:54 [main] INFO  Setup:29 - password: 12345678 is sent
2019-04-02 20:54:56 [main] INFO  Setup:32 - Submit Button is clicked
2019-04-02 20:54:59 [main] INFO  Setup:16 - Opening Page: Login - Super League Gaming
2019-04-02 20:54:59 [main] INFO  Setup:20 - Email textbox is clicked
2019-04-02 20:54:59 [main] INFO  Setup:23 - email: buffboyali@gmail.com is sent
2019-04-02 20:54:59 [main] INFO  Setup:26 - Login Button is displayed
2019-04-02 20:54:59 [main] INFO  Setup:29 - password: messenger is sent
2019-04-02 20:55:07 [main] INFO  Setup:32 - Submit Button is clicked
2019-04-02 20:55:07 [main] INFO  Setup:80 - WebDriver Successfully Quit!
2019-04-02 20:59:16 [main] INFO  Setup:71 - Driver is initialized!
2019-04-02 20:59:16 [main] INFO  Setup:73 - URL opened: about:blank
2019-04-02 20:59:19 [main] INFO  Setup:25 - Opening Page: Facebook - Log In or Sign Up
2019-04-02 20:59:20 [main] INFO  Setup:40 - Logo Button clicked
2019-04-02 20:59:20 [main] INFO  Setup:48 - usernamed  inputted
2019-04-02 20:59:21 [main] INFO  Setup:53 - password inputted
2019-04-02 20:59:22 [main] INFO  Setup:25 - Opening Page: Facebook - Log In or Sign Up
2019-04-02 20:59:24 [main] INFO  Setup:40 - Logo Button clicked
2019-04-02 20:59:24 [main] INFO  Setup:48 - usernamed  inputted
2019-04-02 20:59:24 [main] INFO  Setup:53 - password inputted
2019-04-02 20:59:26 [main] INFO  Setup:25 - Opening Page: Facebook - Log In or Sign Up
2019-04-02 20:59:27 [main] INFO  Setup:40 - Logo Button clicked
2019-04-02 20:59:28 [main] INFO  Setup:48 - usernamed  inputted
2019-04-02 20:59:28 [main] INFO  Setup:53 - password inputted
2019-04-02 20:59:28 [main] INFO  Setup:80 - WebDriver Successfully Quit!
2019-04-02 20:59:30 [main] INFO  Setup:71 - Driver is initialized!
2019-04-02 20:59:30 [main] INFO  Setup:73 - URL opened: about:blank
2019-04-02 20:59:33 [main] INFO  Setup:16 - Opening Page: Login - Super League Gaming
2019-04-02 20:59:33 [main] INFO  Setup:20 - Email textbox is clicked
2019-04-02 20:59:33 [main] INFO  Setup:23 - email: failedtest@gmail.com is sent
2019-04-02 20:59:33 [main] INFO  Setup:26 - Login Button is displayed
2019-04-02 20:59:34 [main] INFO  Setup:29 - password: 12345678 is sent
2019-04-02 20:59:36 [main] INFO  Setup:32 - Submit Button is clicked
2019-04-02 20:59:38 [main] INFO  Setup:16 - Opening Page: Login - Super League Gaming
2019-04-02 20:59:38 [main] INFO  Setup:20 - Email textbox is clicked
2019-04-02 20:59:39 [main] INFO  Setup:23 - email: buffboyali@gmail.com is sent
2019-04-02 20:59:39 [main] INFO  Setup:26 - Login Button is displayed
2019-04-02 20:59:39 [main] INFO  Setup:29 - password: messenger is sent
2019-04-02 20:59:46 [main] INFO  Setup:32 - Submit Button is clicked
2019-04-02 20:59:46 [main] INFO  Setup:80 - WebDriver Successfully Quit!
2019-04-02 21:05:05 [main] INFO  Setup:71 - Driver is initialized!
2019-04-02 21:05:05 [main] INFO  Setup:73 - URL opened: about:blank
2019-04-02 21:05:07 [main] INFO  Setup:25 - Opening Page: Facebook - Log In or Sign Up
2019-04-02 21:05:08 [main] INFO  Setup:40 - Logo Button clicked
2019-04-02 21:05:09 [main] INFO  Setup:48 - usernamed  inputted
2019-04-02 21:05:09 [main] INFO  Setup:53 - password inputted
2019-04-02 21:05:11 [main] INFO  Setup:25 - Opening Page: Facebook - Log In or Sign Up
2019-04-02 21:05:12 [main] INFO  Setup:40 - Logo Button clicked
2019-04-02 21:05:13 [main] INFO  Setup:48 - usernamed  inputted
2019-04-02 21:05:13 [main] INFO  Setup:53 - password inputted
2019-04-02 21:05:15 [main] INFO  Setup:25 - Opening Page: Facebook - Log In or Sign Up
2019-04-02 21:05:17 [main] INFO  Setup:40 - Logo Button clicked
2019-04-02 21:05:17 [main] INFO  Setup:48 - usernamed  inputted
2019-04-02 21:05:17 [main] INFO  Setup:53 - password inputted
2019-04-02 21:05:18 [main] INFO  Setup:80 - WebDriver Successfully Quit!
2019-04-02 21:05:19 [main] INFO  Setup:71 - Driver is initialized!
2019-04-02 21:05:19 [main] INFO  Setup:73 - URL opened: about:blank
2019-04-02 21:05:22 [main] INFO  Setup:16 - Opening Page: Login - Super League Gaming
2019-04-02 21:05:22 [main] INFO  Setup:20 - Email textbox is clicked
2019-04-02 21:05:23 [main] INFO  Setup:23 - email: failedtest@gmail.com is sent
2019-04-02 21:05:23 [main] INFO  Setup:26 - Login Button is displayed
2019-04-02 21:05:23 [main] INFO  Setup:29 - password: 12345678 is sent
2019-04-02 21:05:25 [main] INFO  Setup:32 - Submit Button is clicked
2019-04-02 21:05:27 [main] INFO  Setup:16 - Opening Page: Login - Super League Gaming
2019-04-02 21:05:27 [main] INFO  Setup:20 - Email textbox is clicked
2019-04-02 21:05:28 [main] INFO  Setup:23 - email: buffboyali@gmail.com is sent
2019-04-02 21:05:28 [main] INFO  Setup:26 - Login Button is displayed
2019-04-02 21:05:28 [main] INFO  Setup:29 - password: messenger is sent
2019-04-02 21:05:34 [main] INFO  Setup:32 - Submit Button is clicked
2019-04-02 21:05:34 [main] INFO  Setup:80 - WebDriver Successfully Quit!
2019-04-02 21:14:28 [main] INFO  Setup:71 - Driver is initialized!
2019-04-02 21:14:28 [main] INFO  Setup:73 - URL opened: about:blank
2019-04-02 21:14:30 [main] INFO  Setup:28 - Opening Page: Facebook - Log In or Sign Up
2019-04-02 21:14:31 [main] INFO  Setup:43 - Logo Button clicked
2019-04-02 21:14:32 [main] INFO  Setup:51 - usernamed  inputted
2019-04-02 21:14:32 [main] INFO  Setup:56 - password inputted
2019-04-02 21:14:34 [main] INFO  Setup:28 - Opening Page: Facebook - Log In or Sign Up
2019-04-02 21:14:35 [main] INFO  Setup:43 - Logo Button clicked
2019-04-02 21:14:35 [main] INFO  Setup:51 - usernamed  inputted
2019-04-02 21:14:36 [main] INFO  Setup:56 - password inputted
2019-04-02 21:14:37 [main] INFO  Setup:28 - Opening Page: Facebook - Log In or Sign Up
2019-04-02 21:14:38 [main] INFO  Setup:43 - Logo Button clicked
2019-04-02 21:14:39 [main] INFO  Setup:51 - usernamed  inputted
2019-04-02 21:14:39 [main] INFO  Setup:56 - password inputted
2019-04-02 21:14:39 [main] INFO  Setup:80 - WebDriver Successfully Quit!
2019-04-02 21:14:41 [main] INFO  Setup:71 - Driver is initialized!
2019-04-02 21:14:41 [main] INFO  Setup:73 - URL opened: about:blank
2019-04-02 21:14:44 [main] INFO  Setup:16 - Opening Page: Login - Super League Gaming
2019-04-02 21:14:44 [main] INFO  Setup:20 - Email textbox is clicked
2019-04-02 21:14:45 [main] INFO  Setup:23 - email: failedtest@gmail.com is sent
2019-04-02 21:14:45 [main] INFO  Setup:26 - Login Button is displayed
2019-04-02 21:14:45 [main] INFO  Setup:29 - password: 12345678 is sent
2019-04-02 21:14:47 [main] INFO  Setup:32 - Submit Button is clicked
2019-04-02 21:14:48 [main] INFO  Setup:16 - Opening Page: Login - Super League Gaming
2019-04-02 21:14:48 [main] INFO  Setup:20 - Email textbox is clicked
2019-04-02 21:14:49 [main] INFO  Setup:23 - email: buffboyali@gmail.com is sent
2019-04-02 21:14:49 [main] INFO  Setup:26 - Login Button is displayed
2019-04-02 21:14:49 [main] INFO  Setup:29 - password: messenger is sent
2019-04-02 21:14:56 [main] INFO  Setup:32 - Submit Button is clicked
2019-04-02 21:14:56 [main] INFO  Setup:80 - WebDriver Successfully Quit!
2019-04-02 21:16:02 [main] INFO  Setup:71 - Driver is initialized!
2019-04-02 21:16:02 [main] INFO  Setup:73 - URL opened: about:blank
2019-04-02 21:16:02 [main] INFO  Setup:80 - WebDriver Successfully Quit!
2019-04-02 21:16:03 [main] INFO  Setup:71 - Driver is initialized!
2019-04-02 21:16:03 [main] INFO  Setup:73 - URL opened: about:blank
2019-04-02 21:16:06 [main] INFO  Setup:16 - Opening Page: Login - Super League Gaming
2019-04-02 21:16:06 [main] INFO  Setup:20 - Email textbox is clicked
2019-04-02 21:16:07 [main] INFO  Setup:23 - email: failedtest@gmail.com is sent
2019-04-02 21:16:07 [main] INFO  Setup:26 - Login Button is displayed
2019-04-02 21:16:07 [main] INFO  Setup:29 - password: 12345678 is sent
2019-04-02 21:16:09 [main] INFO  Setup:32 - Submit Button is clicked
2019-04-02 21:19:36 [main] INFO  Setup:71 - Driver is initialized!
2019-04-02 21:19:36 [main] INFO  Setup:73 - URL opened: about:blank
2019-04-02 21:19:38 [main] INFO  Setup:24 - Opening Page: Facebook - Log In or Sign Up
2019-04-02 21:19:39 [main] INFO  Setup:39 - Logo Button clicked
2019-04-02 21:19:40 [main] INFO  Setup:47 - usernamed  inputted
2019-04-02 21:19:40 [main] INFO  Setup:52 - password inputted
2019-04-02 21:19:41 [main] INFO  Setup:24 - Opening Page: Facebook - Log In or Sign Up
2019-04-02 21:19:42 [main] INFO  Setup:39 - Logo Button clicked
2019-04-02 21:19:43 [main] INFO  Setup:47 - usernamed  inputted
2019-04-02 21:19:43 [main] INFO  Setup:52 - password inputted
2019-04-02 21:19:45 [main] INFO  Setup:24 - Opening Page: Facebook - Log In or Sign Up
2019-04-02 21:19:45 [main] INFO  Setup:39 - Logo Button clicked
2019-04-02 21:19:46 [main] INFO  Setup:47 - usernamed  inputted
2019-04-02 21:19:46 [main] INFO  Setup:52 - password inputted
2019-04-02 21:19:47 [main] INFO  Setup:80 - WebDriver Successfully Quit!
2019-04-02 21:19:48 [main] INFO  Setup:71 - Driver is initialized!
2019-04-02 21:19:48 [main] INFO  Setup:73 - URL opened: about:blank
2019-04-02 21:19:52 [main] INFO  Setup:16 - Opening Page: Login - Super League Gaming
2019-04-02 21:19:52 [main] INFO  Setup:20 - Email textbox is clicked
2019-04-02 21:19:53 [main] INFO  Setup:23 - email: failedtest@gmail.com is sent
2019-04-02 21:19:53 [main] INFO  Setup:26 - Login Button is displayed
2019-04-02 21:19:53 [main] INFO  Setup:29 - password: 12345678 is sent
2019-04-02 21:19:55 [main] INFO  Setup:32 - Submit Button is clicked
2019-04-02 21:19:56 [main] INFO  Setup:16 - Opening Page: Login - Super League Gaming
2019-04-02 21:19:57 [main] INFO  Setup:20 - Email textbox is clicked
2019-04-02 21:19:57 [main] INFO  Setup:23 - email: buffboyali@gmail.com is sent
2019-04-02 21:19:57 [main] INFO  Setup:26 - Login Button is displayed
2019-04-02 21:19:57 [main] INFO  Setup:29 - password: messenger is sent
2019-04-02 21:20:03 [main] INFO  Setup:32 - Submit Button is clicked
2019-04-02 21:20:04 [main] INFO  Setup:80 - WebDriver Successfully Quit!
2019-04-02 21:24:20 [main] INFO  Setup:71 - Driver is initialized!
2019-04-02 21:24:20 [main] INFO  Setup:73 - URL opened: about:blank
2019-04-02 21:24:22 [main] INFO  Setup:24 - Opening Page: Facebook - Log In or Sign Up
2019-04-02 21:24:23 [main] INFO  Setup:39 - Logo Button clicked
2019-04-02 21:24:23 [main] INFO  Setup:47 - usernamed  inputted
2019-04-02 21:24:24 [main] INFO  Setup:52 - password inputted
2019-04-02 21:24:25 [main] INFO  Setup:24 - Opening Page: Facebook - Log In or Sign Up
2019-04-02 21:24:26 [main] INFO  Setup:39 - Logo Button clicked
2019-04-02 21:24:27 [main] INFO  Setup:47 - usernamed  inputted
2019-04-02 21:24:27 [main] INFO  Setup:52 - password inputted
2019-04-02 21:24:29 [main] INFO  Setup:24 - Opening Page: Facebook - Log In or Sign Up
2019-04-02 21:24:30 [main] INFO  Setup:39 - Logo Button clicked
2019-04-02 21:24:31 [main] INFO  Setup:47 - usernamed  inputted
2019-04-02 21:24:31 [main] INFO  Setup:52 - password inputted
2019-04-02 21:24:31 [main] INFO  Setup:80 - WebDriver Successfully Quit!
2019-04-02 21:24:33 [main] INFO  Setup:71 - Driver is initialized!
2019-04-02 21:24:33 [main] INFO  Setup:73 - URL opened: about:blank
2019-04-02 21:24:36 [main] INFO  Setup:16 - Opening Page: Login - Super League Gaming
2019-04-02 21:24:36 [main] INFO  Setup:20 - Email textbox is clicked
2019-04-02 21:24:36 [main] INFO  Setup:23 - email: failedtest@gmail.com is sent
2019-04-02 21:24:37 [main] INFO  Setup:26 - Login Button is displayed
2019-04-02 21:24:37 [main] INFO  Setup:29 - password: 12345678 is sent
2019-04-02 21:24:39 [main] INFO  Setup:32 - Submit Button is clicked
2019-04-02 21:24:40 [main] INFO  Setup:16 - Opening Page: Login - Super League Gaming
2019-04-02 21:24:40 [main] INFO  Setup:20 - Email textbox is clicked
2019-04-02 21:24:41 [main] INFO  Setup:23 - email: buffboyali@gmail.com is sent
2019-04-02 21:24:41 [main] INFO  Setup:26 - Login Button is displayed
2019-04-02 21:24:41 [main] INFO  Setup:29 - password: messenger is sent
2019-04-02 21:24:47 [main] INFO  Setup:32 - Submit Button is clicked
2019-04-02 21:24:47 [main] INFO  Setup:80 - WebDriver Successfully Quit!
2019-04-02 21:29:28 [main] INFO  Setup:71 - Driver is initialized!
2019-04-02 21:29:28 [main] INFO  Setup:73 - URL opened: about:blank
2019-04-02 21:29:29 [main] INFO  Setup:80 - WebDriver Successfully Quit!
2019-04-02 21:29:30 [main] INFO  Setup:71 - Driver is initialized!
2019-04-02 21:29:30 [main] INFO  Setup:73 - URL opened: about:blank
2019-04-02 21:29:33 [main] INFO  Setup:16 - Opening Page: Login - Super League Gaming
2019-04-02 21:29:34 [main] INFO  Setup:20 - Email textbox is clicked
2019-04-02 21:29:34 [main] INFO  Setup:23 - email: failedtest@gmail.com is sent
2019-04-02 21:29:34 [main] INFO  Setup:26 - Login Button is displayed
2019-04-02 21:29:34 [main] INFO  Setup:29 - password: 12345678 is sent
2019-04-02 21:29:36 [main] INFO  Setup:32 - Submit Button is clicked
2019-04-02 21:29:37 [main] INFO  Setup:16 - Opening Page: Login - Super League Gaming
2019-04-02 21:29:38 [main] INFO  Setup:20 - Email textbox is clicked
2019-04-02 21:29:38 [main] INFO  Setup:23 - email: buffboyali@gmail.com is sent
2019-04-02 21:29:38 [main] INFO  Setup:26 - Login Button is displayed
2019-04-02 21:29:38 [main] INFO  Setup:29 - password: messenger is sent
2019-04-02 21:29:45 [main] INFO  Setup:32 - Submit Button is clicked
2019-04-02 21:29:45 [main] INFO  Setup:80 - WebDriver Successfully Quit!
2019-04-02 21:41:57 [main] INFO  Setup:71 - Driver is initialized!
2019-04-02 21:41:57 [main] INFO  Setup:73 - URL opened: about:blank
2019-04-02 21:42:00 [main] INFO  Setup:24 - Opening Page: Facebook - Log In or Sign Up
2019-04-02 21:42:01 [main] INFO  Setup:39 - Logo Button clicked
2019-04-02 21:42:02 [main] INFO  Setup:45 - usernamed  inputted
2019-04-02 21:42:02 [main] INFO  Setup:50 - password inputted
2019-04-02 21:42:03 [main] INFO  Setup:80 - WebDriver Successfully Quit!
2019-04-02 21:42:04 [main] INFO  Setup:71 - Driver is initialized!
2019-04-02 21:42:04 [main] INFO  Setup:73 - URL opened: about:blank
2019-04-02 21:42:09 [main] INFO  Setup:16 - Opening Page: Login - Super League Gaming
2019-04-02 21:42:09 [main] INFO  Setup:20 - Email textbox is clicked
2019-04-02 21:42:09 [main] INFO  Setup:23 - email: failedtest@gmail.com is sent
2019-04-02 21:42:09 [main] INFO  Setup:26 - Login Button is displayed
2019-04-02 21:42:09 [main] INFO  Setup:29 - password: 12345678 is sent
2019-04-02 21:42:11 [main] INFO  Setup:32 - Submit Button is clicked
2019-04-02 21:42:12 [main] INFO  Setup:16 - Opening Page: Login - Super League Gaming
2019-04-02 21:42:13 [main] INFO  Setup:20 - Email textbox is clicked
2019-04-02 21:42:13 [main] INFO  Setup:23 - email: buffboyali@gmail.com is sent
2019-04-02 21:42:13 [main] INFO  Setup:26 - Login Button is displayed
2019-04-02 21:42:13 [main] INFO  Setup:29 - password: messenger is sent
2019-04-02 21:42:20 [main] INFO  Setup:32 - Submit Button is clicked
2019-04-02 21:42:20 [main] INFO  Setup:80 - WebDriver Successfully Quit!
2019-04-02 21:44:28 [main] INFO  Setup:71 - Driver is initialized!
2019-04-02 21:44:28 [main] INFO  Setup:73 - URL opened: about:blank
2019-04-02 21:44:30 [main] INFO  Setup:24 - Opening Page: Facebook - Log In or Sign Up
2019-04-02 21:44:31 [main] INFO  Setup:39 - Logo Button clicked
2019-04-02 21:44:31 [main] INFO  Setup:45 - usernamed  inputted
2019-04-02 21:44:32 [main] INFO  Setup:50 - password inputted
2019-04-02 21:44:33 [main] INFO  Setup:24 - Opening Page: Facebook - Log In or Sign Up
2019-04-02 21:44:34 [main] INFO  Setup:39 - Logo Button clicked
2019-04-02 21:44:35 [main] INFO  Setup:45 - usernamed  inputted
2019-04-02 21:44:35 [main] INFO  Setup:50 - password inputted
2019-04-02 21:44:37 [main] INFO  Setup:24 - Opening Page: Facebook - Log In or Sign Up
2019-04-02 21:44:37 [main] INFO  Setup:39 - Logo Button clicked
2019-04-02 21:44:38 [main] INFO  Setup:45 - usernamed  inputted
2019-04-02 21:44:38 [main] INFO  Setup:50 - password inputted
2019-04-02 21:44:39 [main] INFO  Setup:80 - WebDriver Successfully Quit!
2019-04-02 21:44:40 [main] INFO  Setup:71 - Driver is initialized!
2019-04-02 21:44:40 [main] INFO  Setup:73 - URL opened: about:blank
2019-04-02 21:44:43 [main] INFO  Setup:16 - Opening Page: Login - Super League Gaming
2019-04-02 21:44:44 [main] INFO  Setup:20 - Email textbox is clicked
2019-04-02 21:44:44 [main] INFO  Setup:23 - email: failedtest@gmail.com is sent
2019-04-02 21:44:44 [main] INFO  Setup:26 - Login Button is displayed
2019-04-02 21:44:44 [main] INFO  Setup:29 - password: 12345678 is sent
2019-04-02 21:44:46 [main] INFO  Setup:32 - Submit Button is clicked
2019-04-02 21:44:48 [main] INFO  Setup:16 - Opening Page: Login - Super League Gaming
2019-04-02 21:44:48 [main] INFO  Setup:20 - Email textbox is clicked
2019-04-02 21:44:48 [main] INFO  Setup:23 - email: buffboyali@gmail.com is sent
2019-04-02 21:44:49 [main] INFO  Setup:26 - Login Button is displayed
2019-04-02 21:44:49 [main] INFO  Setup:29 - password: messenger is sent
2019-04-02 21:44:59 [main] INFO  Setup:32 - Submit Button is clicked
2019-04-02 21:44:59 [main] INFO  Setup:80 - WebDriver Successfully Quit!
2019-04-02 21:48:04 [main] INFO  Setup:71 - Driver is initialized!
2019-04-02 21:48:04 [main] INFO  Setup:73 - URL opened: about:blank
2019-04-02 21:48:06 [main] INFO  Setup:24 - Opening Page: Facebook - Log In or Sign Up
2019-04-02 21:48:07 [main] INFO  Setup:39 - Logo Button clicked
2019-04-02 21:48:08 [main] INFO  Setup:45 - usernamed  inputted
2019-04-02 21:48:08 [main] INFO  Setup:50 - password inputted
2019-04-02 21:48:09 [main] INFO  Setup:24 - Opening Page: Facebook - Log In or Sign Up
2019-04-02 21:48:10 [main] INFO  Setup:39 - Logo Button clicked
2019-04-02 21:48:11 [main] INFO  Setup:45 - usernamed  inputted
2019-04-02 21:48:11 [main] INFO  Setup:50 - password inputted
2019-04-02 21:48:13 [main] INFO  Setup:24 - Opening Page: Facebook - Log In or Sign Up
2019-04-02 21:48:14 [main] INFO  Setup:39 - Logo Button clicked
2019-04-02 21:48:14 [main] INFO  Setup:45 - usernamed  inputted
2019-04-02 21:48:15 [main] INFO  Setup:50 - password inputted
2019-04-02 21:48:15 [main] INFO  Setup:80 - WebDriver Successfully Quit!
2019-04-02 21:48:16 [main] INFO  Setup:71 - Driver is initialized!
2019-04-02 21:48:16 [main] INFO  Setup:73 - URL opened: about:blank
2019-04-02 21:48:19 [main] INFO  Setup:16 - Opening Page: Login - Super League Gaming
2019-04-02 21:48:20 [main] INFO  Setup:20 - Email textbox is clicked
2019-04-02 21:48:20 [main] INFO  Setup:23 - email: failedtest@gmail.com is sent
2019-04-02 21:48:20 [main] INFO  Setup:26 - Login Button is displayed
2019-04-02 21:48:20 [main] INFO  Setup:29 - password: 12345678 is sent
2019-04-02 21:48:22 [main] INFO  Setup:32 - Submit Button is clicked
2019-04-02 21:48:23 [main] INFO  Setup:16 - Opening Page: Login - Super League Gaming
2019-04-02 21:48:23 [main] INFO  Setup:20 - Email textbox is clicked
2019-04-02 21:48:24 [main] INFO  Setup:23 - email: buffboyali@gmail.com is sent
2019-04-02 21:48:24 [main] INFO  Setup:26 - Login Button is displayed
2019-04-02 21:48:24 [main] INFO  Setup:29 - password: messenger is sent
2019-04-02 21:48:30 [main] INFO  Setup:32 - Submit Button is clicked
2019-04-02 21:48:30 [main] INFO  Setup:80 - WebDriver Successfully Quit!
2019-04-02 21:50:24 [main] INFO  Setup:71 - Driver is initialized!
2019-04-02 21:50:24 [main] INFO  Setup:73 - URL opened: about:blank
2019-04-02 21:50:26 [main] INFO  Setup:24 - Opening Page: Facebook - Log In or Sign Up
2019-04-02 21:50:27 [main] INFO  Setup:39 - Logo Button clicked
2019-04-02 21:50:28 [main] INFO  Setup:45 - usernamed  inputted
2019-04-02 21:50:28 [main] INFO  Setup:50 - password inputted
2019-04-02 21:50:29 [main] INFO  Setup:24 - Opening Page: Facebook - Log In or Sign Up
2019-04-02 21:50:30 [main] INFO  Setup:39 - Logo Button clicked
2019-04-02 21:50:31 [main] INFO  Setup:45 - usernamed  inputted
2019-04-02 21:50:31 [main] INFO  Setup:50 - password inputted
2019-04-02 21:50:33 [main] INFO  Setup:24 - Opening Page: Facebook - Log In or Sign Up
2019-04-02 21:50:33 [main] INFO  Setup:39 - Logo Button clicked
2019-04-02 21:50:34 [main] INFO  Setup:45 - usernamed  inputted
2019-04-02 21:50:34 [main] INFO  Setup:50 - password inputted
2019-04-02 21:50:35 [main] INFO  Setup:80 - WebDriver Successfully Quit!
2019-04-02 21:50:36 [main] INFO  Setup:71 - Driver is initialized!
2019-04-02 21:50:36 [main] INFO  Setup:73 - URL opened: about:blank
2019-04-02 21:50:39 [main] INFO  Setup:16 - Opening Page: Login - Super League Gaming
2019-04-02 21:50:40 [main] INFO  Setup:20 - Email textbox is clicked
2019-04-02 21:50:40 [main] INFO  Setup:23 - email: failedtest@gmail.com is sent
2019-04-02 21:50:40 [main] INFO  Setup:26 - Login Button is displayed
2019-04-02 21:50:40 [main] INFO  Setup:29 - password: 12345678 is sent
2019-04-02 21:50:42 [main] INFO  Setup:32 - Submit Button is clicked
2019-04-02 21:50:44 [main] INFO  Setup:16 - Opening Page: Login - Super League Gaming
2019-04-02 21:50:44 [main] INFO  Setup:20 - Email textbox is clicked
2019-04-02 21:50:44 [main] INFO  Setup:23 - email: buffboyali@gmail.com is sent
2019-04-02 21:50:44 [main] INFO  Setup:26 - Login Button is displayed
2019-04-02 21:50:44 [main] INFO  Setup:29 - password: messenger is sent
2019-04-02 21:50:51 [main] INFO  Setup:32 - Submit Button is clicked
2019-04-02 21:50:51 [main] INFO  Setup:80 - WebDriver Successfully Quit!
2019-04-02 22:04:03 [main] INFO  Setup:71 - Driver is initialized!
2019-04-02 22:04:03 [main] INFO  Setup:73 - URL opened: about:blank
2019-04-02 22:04:05 [main] INFO  Setup:24 - Opening Page: Facebook - Log In or Sign Up
2019-04-02 22:04:06 [main] INFO  Setup:39 - Logo Button clicked
2019-04-02 22:04:07 [main] INFO  Setup:45 - usernamed  inputted
2019-04-02 22:04:07 [main] INFO  Setup:50 - password inputted
2019-04-02 22:04:08 [main] INFO  Setup:24 - Opening Page: Facebook - Log In or Sign Up
2019-04-02 22:04:09 [main] INFO  Setup:39 - Logo Button clicked
2019-04-02 22:04:10 [main] INFO  Setup:45 - usernamed  inputted
2019-04-02 22:04:10 [main] INFO  Setup:50 - password inputted
2019-04-02 22:04:12 [main] INFO  Setup:24 - Opening Page: Facebook - Log In or Sign Up
2019-04-02 22:04:12 [main] INFO  Setup:39 - Logo Button clicked
2019-04-02 22:04:13 [main] INFO  Setup:45 - usernamed  inputted
2019-04-02 22:04:13 [main] INFO  Setup:50 - password inputted
2019-04-02 22:04:14 [main] INFO  Setup:80 - WebDriver Successfully Quit!
2019-04-02 22:04:15 [main] INFO  Setup:71 - Driver is initialized!
2019-04-02 22:04:15 [main] INFO  Setup:73 - URL opened: about:blank
2019-04-02 22:04:18 [main] INFO  Setup:16 - Opening Page: Login - Super League Gaming
2019-04-02 22:04:19 [main] INFO  Setup:20 - Email textbox is clicked
2019-04-02 22:04:19 [main] INFO  Setup:23 - email: failedtest@gmail.com is sent
2019-04-02 22:04:19 [main] INFO  Setup:26 - Login Button is displayed
2019-04-02 22:04:19 [main] INFO  Setup:29 - password: 12345678 is sent
2019-04-02 22:04:21 [main] INFO  Setup:32 - Submit Button is clicked
2019-04-02 22:04:23 [main] INFO  Setup:16 - Opening Page: Login - Super League Gaming
2019-04-02 22:04:23 [main] INFO  Setup:20 - Email textbox is clicked
2019-04-02 22:04:23 [main] INFO  Setup:23 - email: buffboyali@gmail.com is sent
2019-04-02 22:04:23 [main] INFO  Setup:26 - Login Button is displayed
2019-04-02 22:04:23 [main] INFO  Setup:29 - password: messenger is sent
2019-04-02 22:04:29 [main] INFO  Setup:32 - Submit Button is clicked
2019-04-02 22:04:30 [main] INFO  Setup:80 - WebDriver Successfully Quit!
2019-04-02 22:19:44 [main] INFO  Setup:71 - Driver is initialized!
2019-04-02 22:19:44 [main] INFO  Setup:73 - URL opened: about:blank
2019-04-02 22:19:46 [main] INFO  Setup:24 - Opening Page: Facebook - Log In or Sign Up
2019-04-02 22:19:47 [main] INFO  Setup:37 - Logo Button clicked
2019-04-02 22:19:48 [main] INFO  Setup:42 - usernamed  inputted
2019-04-02 22:19:48 [main] INFO  Setup:47 - password inputted
2019-04-02 22:19:49 [main] INFO  Setup:24 - Opening Page: Facebook - Log In or Sign Up
2019-04-02 22:19:50 [main] INFO  Setup:37 - Logo Button clicked
2019-04-02 22:19:51 [main] INFO  Setup:42 - usernamed  inputted
2019-04-02 22:19:51 [main] INFO  Setup:47 - password inputted
2019-04-02 22:19:53 [main] INFO  Setup:24 - Opening Page: Facebook - Log In or Sign Up
2019-04-02 22:19:54 [main] INFO  Setup:37 - Logo Button clicked
2019-04-02 22:19:54 [main] INFO  Setup:42 - usernamed  inputted
2019-04-02 22:19:55 [main] INFO  Setup:47 - password inputted
2019-04-02 22:19:55 [main] INFO  Setup:80 - WebDriver Successfully Quit!
2019-04-02 22:19:56 [main] INFO  Setup:71 - Driver is initialized!
2019-04-02 22:19:56 [main] INFO  Setup:73 - URL opened: about:blank
2019-04-02 22:20:00 [main] INFO  Setup:16 - Opening Page: Login - Super League Gaming
2019-04-02 22:20:00 [main] INFO  Setup:20 - Email textbox is clicked
2019-04-02 22:20:00 [main] INFO  Setup:23 - email: failedtest@gmail.com is sent
2019-04-02 22:20:00 [main] INFO  Setup:26 - Login Button is displayed
2019-04-02 22:20:00 [main] INFO  Setup:29 - password: 12345678 is sent
2019-04-02 22:20:02 [main] INFO  Setup:32 - Submit Button is clicked
2019-04-02 22:20:04 [main] INFO  Setup:16 - Opening Page: Login - Super League Gaming
2019-04-02 22:20:04 [main] INFO  Setup:20 - Email textbox is clicked
2019-04-02 22:20:04 [main] INFO  Setup:23 - email: buffboyali@gmail.com is sent
2019-04-02 22:20:04 [main] INFO  Setup:26 - Login Button is displayed
2019-04-02 22:20:04 [main] INFO  Setup:29 - password: messenger is sent
2019-04-02 22:20:11 [main] INFO  Setup:32 - Submit Button is clicked
2019-04-02 22:20:11 [main] INFO  Setup:80 - WebDriver Successfully Quit!
2019-04-02 22:21:36 [main] INFO  Setup:71 - Driver is initialized!
2019-04-02 22:21:36 [main] INFO  Setup:73 - URL opened: about:blank
2019-04-02 22:21:39 [main] INFO  Setup:24 - Opening Page: Facebook - Log In or Sign Up
2019-04-02 22:21:39 [main] INFO  Setup:25 - Actual: See photos and updatesBUT Expecting: null
2019-04-02 22:21:40 [main] INFO  Setup:38 - Logo Button clicked
2019-04-02 22:21:40 [main] INFO  Setup:43 - usernamed  inputted
2019-04-02 22:21:41 [main] INFO  Setup:48 - password inputted
2019-04-02 22:21:42 [main] INFO  Setup:24 - Opening Page: Facebook - Log In or Sign Up
2019-04-02 22:21:42 [main] INFO  Setup:25 - Actual: Share what's newBUT Expecting: null
2019-04-02 22:21:43 [main] INFO  Setup:38 - Logo Button clicked
2019-04-02 22:21:44 [main] INFO  Setup:43 - usernamed  inputted
2019-04-02 22:21:44 [main] INFO  Setup:48 - password inputted
2019-04-02 22:21:46 [main] INFO  Setup:24 - Opening Page: Facebook - Log In or Sign Up
2019-04-02 22:21:46 [main] INFO  Setup:25 - Actual: Find moreBUT Expecting: null
2019-04-02 22:21:47 [main] INFO  Setup:38 - Logo Button clicked
2019-04-02 22:21:48 [main] INFO  Setup:43 - usernamed  inputted
2019-04-02 22:21:48 [main] INFO  Setup:48 - password inputted
2019-04-02 22:21:48 [main] INFO  Setup:80 - WebDriver Successfully Quit!
2019-04-02 22:21:50 [main] INFO  Setup:71 - Driver is initialized!
2019-04-02 22:21:50 [main] INFO  Setup:73 - URL opened: about:blank
2019-04-02 22:21:53 [main] INFO  Setup:16 - Opening Page: Login - Super League Gaming
2019-04-02 22:21:54 [main] INFO  Setup:20 - Email textbox is clicked
2019-04-02 22:21:54 [main] INFO  Setup:23 - email: failedtest@gmail.com is sent
2019-04-02 22:21:54 [main] INFO  Setup:26 - Login Button is displayed
2019-04-02 22:21:54 [main] INFO  Setup:29 - password: 12345678 is sent
2019-04-02 22:21:57 [main] INFO  Setup:32 - Submit Button is clicked
2019-04-02 22:21:58 [main] INFO  Setup:16 - Opening Page: Login - Super League Gaming
2019-04-02 22:21:59 [main] INFO  Setup:20 - Email textbox is clicked
2019-04-02 22:21:59 [main] INFO  Setup:23 - email: buffboyali@gmail.com is sent
2019-04-02 22:21:59 [main] INFO  Setup:26 - Login Button is displayed
2019-04-02 22:21:59 [main] INFO  Setup:29 - password: messenger is sent
2019-04-02 22:22:07 [main] INFO  Setup:32 - Submit Button is clicked
2019-04-02 22:22:07 [main] INFO  Setup:80 - WebDriver Successfully Quit!
2019-04-02 22:26:41 [main] INFO  Setup:71 - Driver is initialized!
2019-04-02 22:26:41 [main] INFO  Setup:73 - URL opened: about:blank
2019-04-02 22:26:44 [main] INFO  Setup:24 - Opening Page: Facebook - Log In or Sign Up
2019-04-02 22:26:44 [main] INFO  Setup:25 - Actual: nullBUT Expecting: See photos and updates
2019-04-02 22:26:45 [main] INFO  Setup:38 - Logo Button clicked
2019-04-02 22:26:45 [main] INFO  Setup:43 - usernamed  inputted
2019-04-02 22:26:46 [main] INFO  Setup:48 - password inputted
2019-04-02 22:26:47 [main] INFO  Setup:24 - Opening Page: Facebook - Log In or Sign Up
2019-04-02 22:26:47 [main] INFO  Setup:25 - Actual: nullBUT Expecting: Share what's new
2019-04-02 22:26:48 [main] INFO  Setup:38 - Logo Button clicked
2019-04-02 22:26:49 [main] INFO  Setup:43 - usernamed  inputted
2019-04-02 22:26:49 [main] INFO  Setup:48 - password inputted
2019-04-02 22:26:50 [main] INFO  Setup:24 - Opening Page: Facebook - Log In or Sign Up
2019-04-02 22:26:50 [main] INFO  Setup:25 - Actual: nullBUT Expecting: Find more
2019-04-02 22:26:51 [main] INFO  Setup:38 - Logo Button clicked
2019-04-02 22:26:52 [main] INFO  Setup:43 - usernamed  inputted
2019-04-02 22:26:52 [main] INFO  Setup:48 - password inputted
2019-04-02 22:26:52 [main] INFO  Setup:80 - WebDriver Successfully Quit!
2019-04-02 22:26:54 [main] INFO  Setup:71 - Driver is initialized!
2019-04-02 22:26:54 [main] INFO  Setup:73 - URL opened: about:blank
2019-04-02 22:26:57 [main] INFO  Setup:16 - Opening Page: Login - Super League Gaming
2019-04-02 22:32:29 [main] INFO  Setup:71 - Driver is initialized!
2019-04-02 22:32:29 [main] INFO  Setup:73 - URL opened: about:blank
2019-04-02 22:32:31 [main] INFO  Setup:27 - Opening Page: Facebook - Log In or Sign Up
2019-04-02 22:32:31 [main] INFO  Setup:28 - Actual: nullBUT Expecting: null
2019-04-02 22:32:32 [main] INFO  Setup:44 - Logo Button clicked
2019-04-02 22:32:33 [main] INFO  Setup:49 - usernamed  inputted
2019-04-02 22:32:33 [main] INFO  Setup:54 - password inputted
2019-04-02 22:32:33 [main] INFO  Setup:58 - Actual: nullBUT Expecting: null
2019-04-02 22:32:39 [main] INFO  Setup:62 - Login Button clicked
2019-04-02 22:32:40 [main] INFO  Setup:27 - Opening Page: Facebook - Log In or Sign Up
2019-04-02 22:32:40 [main] INFO  Setup:28 - Actual: nullBUT Expecting: null
2019-04-02 22:32:41 [main] INFO  Setup:44 - Logo Button clicked
2019-04-02 22:32:41 [main] INFO  Setup:49 - usernamed  inputted
2019-04-02 22:32:42 [main] INFO  Setup:54 - password inputted
2019-04-02 22:32:42 [main] INFO  Setup:58 - Actual: nullBUT Expecting: null
2019-04-02 22:32:45 [main] INFO  Setup:62 - Login Button clicked
2019-04-02 22:32:46 [main] INFO  Setup:27 - Opening Page: Facebook - Log In or Sign Up
2019-04-02 22:32:46 [main] INFO  Setup:28 - Actual: nullBUT Expecting: null
2019-04-02 22:32:47 [main] INFO  Setup:44 - Logo Button clicked
2019-04-02 22:32:48 [main] INFO  Setup:49 - usernamed  inputted
2019-04-02 22:32:48 [main] INFO  Setup:54 - password inputted
2019-04-02 22:32:48 [main] INFO  Setup:58 - Actual: nullBUT Expecting: null
2019-04-02 22:32:53 [main] INFO  Setup:62 - Login Button clicked
2019-04-02 22:32:53 [main] INFO  Setup:80 - WebDriver Successfully Quit!
2019-04-02 22:32:54 [main] INFO  Setup:71 - Driver is initialized!
2019-04-02 22:32:54 [main] INFO  Setup:73 - URL opened: about:blank
2019-04-02 22:32:57 [main] INFO  Setup:16 - Opening Page: Login - Super League Gaming
2019-04-02 22:32:58 [main] INFO  Setup:20 - Email textbox is clicked
2019-04-02 22:32:58 [main] INFO  Setup:23 - email: failedtest@gmail.com is sent
2019-04-02 22:32:58 [main] INFO  Setup:26 - Login Button is displayed
2019-04-02 22:32:58 [main] INFO  Setup:29 - password: 12345678 is sent
2019-04-02 22:33:00 [main] INFO  Setup:32 - Submit Button is clicked
2019-04-02 22:33:01 [main] INFO  Setup:16 - Opening Page: Login - Super League Gaming
2019-04-02 22:33:01 [main] INFO  Setup:20 - Email textbox is clicked
2019-04-02 22:33:02 [main] INFO  Setup:23 - email: buffboyali@gmail.com is sent
2019-04-02 22:33:02 [main] INFO  Setup:26 - Login Button is displayed
2019-04-02 22:33:02 [main] INFO  Setup:29 - password: messenger is sent
2019-04-02 22:33:08 [main] INFO  Setup:32 - Submit Button is clicked
2019-04-02 22:33:08 [main] INFO  Setup:80 - WebDriver Successfully Quit!
